This is pdfTeXk, Version 3.141592-1.40.3 (Web2C 7.5.6) (format=pdflatex 2011.9.16)  2 DEC 2011 00:04
entering extended mode
 %&-line parsing enabled.
**report.tex
(./report.tex
LaTeX2e <2005/12/01>
Babel <v3.8h> and hyphenation patterns for english, usenglishmax, dumylang, noh
yphenation, arabic, basque, bulgarian, coptic, welsh, czech, slovak, german, ng
erman, danish, esperanto, spanish, catalan, galician, estonian, farsi, finnish,
 french, greek, monogreek, ancientgreek, croatian, hungarian, interlingua, ibyc
us, indonesian, icelandic, italian, latin, mongolian, dutch, norsk, polish, por
tuguese, pinyin, romanian, russian, slovenian, uppersorbian, serbian, swedish, 
turkish, ukenglish, ukrainian, loaded.
(/usr/share/texmf/tex/latex/IEEEtran/IEEEtran.cls
Document Class: IEEEtran 2007/03/05 V1.7a by Michael Shell
-- See the "IEEEtran_HOWTO" manual for usage information.
-- http://www.michaelshell.org/tex/ieeetran/
\@IEEEtrantmpdimenA=\dimen102
\@IEEEtrantmpdimenB=\dimen103
\@IEEEtrantmpcountA=\count79
\@IEEEtrantmpcountB=\count80
\@IEEEtrantmptoksA=\toks14
LaTeX Font Info:    Try loading font information for OT1+ptm on input line 366.

(/usr/share/texmf/tex/latex/psnfss/ot1ptm.fd
File: ot1ptm.fd 2001/06/04 font definitions for OT1/ptm.
)
-- Using 8.5in x 11in (letter) paper.
-- Using PDF output.
\@IEEEnormalsizeunitybaselineskip=\dimen104
-- This is a 10 point document.
\CLASSINFOnormalsizebaselineskip=\dimen105
\CLASSINFOnormalsizeunitybaselineskip=\dimen106
\IEEEnormaljot=\dimen107
LaTeX Font Info:    Font shape `OT1/ptm/bx/n' in size <5> not available
(Font)              Font shape `OT1/ptm/b/n' tried instead on input line 724.
LaTeX Font Info:    Font shape `OT1/ptm/bx/it' in size <5> not available
(Font)              Font shape `OT1/ptm/b/it' tried instead on input line 724.
LaTeX Font Info:    Font shape `OT1/ptm/bx/n' in size <7> not available
(Font)              Font shape `OT1/ptm/b/n' tried instead on input line 724.
LaTeX Font Info:    Font shape `OT1/ptm/bx/it' in size <7> not available
(Font)              Font shape `OT1/ptm/b/it' tried instead on input line 724.
LaTeX Font Info:    Font shape `OT1/ptm/bx/n' in size <8> not available
(Font)              Font shape `OT1/ptm/b/n' tried instead on input line 724.
LaTeX Font Info:    Font shape `OT1/ptm/bx/it' in size <8> not available
(Font)              Font shape `OT1/ptm/b/it' tried instead on input line 724.
LaTeX Font Info:    Font shape `OT1/ptm/bx/n' in size <9> not available
(Font)              Font shape `OT1/ptm/b/n' tried instead on input line 724.
LaTeX Font Info:    Font shape `OT1/ptm/bx/it' in size <9> not available
(Font)              Font shape `OT1/ptm/b/it' tried instead on input line 724.
LaTeX Font Info:    Font shape `OT1/ptm/bx/n' in size <10> not available
(Font)              Font shape `OT1/ptm/b/n' tried instead on input line 724.
LaTeX Font Info:    Font shape `OT1/ptm/bx/it' in size <10> not available
(Font)              Font shape `OT1/ptm/b/it' tried instead on input line 724.
LaTeX Font Info:    Font shape `OT1/ptm/bx/n' in size <11> not available
(Font)              Font shape `OT1/ptm/b/n' tried instead on input line 724.
LaTeX Font Info:    Font shape `OT1/ptm/bx/it' in size <11> not available
(Font)              Font shape `OT1/ptm/b/it' tried instead on input line 724.
LaTeX Font Info:    Font shape `OT1/ptm/bx/n' in size <12> not available
(Font)              Font shape `OT1/ptm/b/n' tried instead on input line 724.
LaTeX Font Info:    Font shape `OT1/ptm/bx/it' in size <12> not available
(Font)              Font shape `OT1/ptm/b/it' tried instead on input line 724.
LaTeX Font Info:    Font shape `OT1/ptm/bx/n' in size <17> not available
(Font)              Font shape `OT1/ptm/b/n' tried instead on input line 724.
LaTeX Font Info:    Font shape `OT1/ptm/bx/it' in size <17> not available
(Font)              Font shape `OT1/ptm/b/it' tried instead on input line 724.
LaTeX Font Info:    Font shape `OT1/ptm/bx/n' in size <20> not available
(Font)              Font shape `OT1/ptm/b/n' tried instead on input line 724.
LaTeX Font Info:    Font shape `OT1/ptm/bx/it' in size <20> not available
(Font)              Font shape `OT1/ptm/b/it' tried instead on input line 724.
LaTeX Font Info:    Font shape `OT1/ptm/bx/n' in size <24> not available
(Font)              Font shape `OT1/ptm/b/n' tried instead on input line 724.
LaTeX Font Info:    Font shape `OT1/ptm/bx/it' in size <24> not available
(Font)              Font shape `OT1/ptm/b/it' tried instead on input line 724.
\IEEEilabelindentA=\dimen108
\IEEEilabelindentB=\dimen109
\IEEEilabelindent=\dimen110
\IEEEelabelindent=\dimen111
\IEEEdlabelindent=\dimen112
\IEEElabelindent=\dimen113
\IEEEiednormlabelsep=\dimen114
\IEEEiedmathlabelsep=\dimen115
\IEEEiedtopsep=\skip41
\c@section=\count81
\c@subsection=\count82
\c@subsubsection=\count83
\c@paragraph=\count84
\c@IEEEsubequation=\count85
\abovecaptionskip=\skip42
\belowcaptionskip=\skip43
\c@figure=\count86
\c@table=\count87
\@IEEEeqnnumcols=\count88
\@IEEEeqncolcnt=\count89
\@IEEEtmpitemindent=\dimen116
\c@IEEEbiography=\count90
\@IEEEtranrubishbin=\box26
) (/usr/share/texmf/tex/latex/graphics/graphicx.sty
Package: graphicx 1999/02/16 v1.0f Enhanced LaTeX Graphics (DPC,SPQR)

(/usr/share/texmf/tex/latex/graphics/keyval.sty
Package: keyval 1999/03/16 v1.13 key=value parser (DPC)
\KV@toks@=\toks15
)
(/usr/share/texmf/tex/latex/graphics/graphics.sty
Package: graphics 2006/02/20 v1.0o Standard LaTeX Graphics (DPC,SPQR)

(/usr/share/texmf/tex/latex/graphics/trig.sty
Package: trig 1999/03/16 v1.09 sin cos tan (DPC)
)
(/usr/share/texmf/tex/latex/config/graphics.cfg
File: graphics.cfg 2007/01/18 v1.5 graphics configuration of teTeX/TeXLive
)
Package graphics Info: Driver file: pdftex.def on input line 90.

(/usr/share/texmf/tex/latex/pdftex-def/pdftex.def
File: pdftex.def 2007/01/08 v0.04d Graphics/color for pdfTeX
\Gread@gobject=\count91
))
\Gin@req@height=\dimen117
\Gin@req@width=\dimen118
) (./report.aux)
\openout1 = `report.aux'.

LaTeX Font Info:    Checking defaults for OML/cmm/m/it on input line 352.
LaTeX Font Info:    ... okay on input line 352.
LaTeX Font Info:    Checking defaults for T1/cmr/m/n on input line 352.
LaTeX Font Info:    ... okay on input line 352.
LaTeX Font Info:    Checking defaults for OT1/cmr/m/n on input line 352.
LaTeX Font Info:    ... okay on input line 352.
LaTeX Font Info:    Checking defaults for OMS/cmsy/m/n on input line 352.
LaTeX Font Info:    ... okay on input line 352.
LaTeX Font Info:    Checking defaults for OMX/cmex/m/n on input line 352.
LaTeX Font Info:    ... okay on input line 352.
LaTeX Font Info:    Checking defaults for U/cmr/m/n on input line 352.
LaTeX Font Info:    ... okay on input line 352.
LaTeX Font Info:    Try loading font information for OMS+ptm on input line 402.


(/usr/share/texmf/tex/latex/psnfss/omsptm.fd
File: omsptm.fd 
)
LaTeX Font Info:    Font shape `OMS/ptm/m/n' in size <10> not available
(Font)              Font shape `OMS/cmsy/m/n' tried instead on input line 402.
Missing character: There is no â in font ptmr7t!
Missing character: There is no € in font ptmr7t!
Missing character: There is no š in font ptmr7t!
Missing character: There is no Ã in font ptmr7t!
Missing character: There is no „ in font ptmr7t!
Missing character: There is no Ã in font ptmr7t!
Missing character: There is no ² in font ptmr7t!
Missing character: There is no â in font ptmr7t!
Missing character: There is no € in font ptmr7t!
Missing character: There is no š in font ptmr7t!
Missing character: There is no Ã in font ptmr7t!
Missing character: There is no „ in font ptmr7t!
Missing character: There is no Ã in font ptmr7t!
Missing character: There is no ´ in font ptmr7t!
Missing character: There is no â in font ptmr7t!
Missing character: There is no € in font ptmr7t!
Missing character: There is no š in font ptmr7t!
Missing character: There is no Ã in font ptmr7t!
Missing character: There is no „ in font ptmr7t!
Missing character: There is no Ã in font ptmr7t!
Missing character: There is no ´ in font ptmr7t!
Missing character: There is no â in font ptmr7t!
Missing character: There is no € in font ptmr7t!
Missing character: There is no š in font ptmr7t!
Missing character: There is no Ã in font ptmr7t!
Missing character: There is no „ in font ptmr7t!
Missing character: There is no Ã in font ptmr7t!
Missing character: There is no ² in font ptmr7t!
Missing character: There is no â in font ptmr7t!
Missing character: There is no € in font ptmr7t!
Missing character: There is no š in font ptmr7t!
Missing character: There is no Ã in font ptmr7t!
Missing character: There is no „ in font ptmr7t!
Missing character: There is no Ã in font ptmr7t!
Missing character: There is no ´ in font ptmr7t!
Missing character: There is no â in font ptmr7t!
Missing character: There is no € in font ptmr7t!
Missing character: There is no š in font ptmr7t!
Missing character: There is no Ã in font ptmr7t!
Missing character: There is no „ in font ptmr7t!
Missing character: There is no Ã in font ptmr7t!
Missing character: There is no ´ in font ptmr7t!


LaTeX Warning: Citation `Khul' on page 1 undefined on input line 456.

Missing character: There is no â in font ptmr7t!
Missing character: There is no € in font ptmr7t!
Missing character: There is no š in font ptmr7t!
Missing character: There is no Ã in font ptmr7t!
Missing character: There is no „ in font ptmr7t!
Missing character: There is no Ã in font ptmr7t!
Missing character: There is no ² in font ptmr7t!
Missing character: There is no â in font ptmr7t!
Missing character: There is no € in font ptmr7t!
Missing character: There is no š in font ptmr7t!
Missing character: There is no Ã in font ptmr7t!
Missing character: There is no „ in font ptmr7t!
Missing character: There is no Ã in font ptmr7t!
Missing character: There is no ´ in font ptmr7t!
Missing character: There is no â in font ptmr7t!
Missing character: There is no € in font ptmr7t!
Missing character: There is no š in font ptmr7t!
Missing character: There is no Ã in font ptmr7t!
Missing character: There is no „ in font ptmr7t!
Missing character: There is no Ã in font ptmr7t!
Missing character: There is no ² in font ptmr7t!
Missing character: There is no â in font ptmr7t!
Missing character: There is no € in font ptmr7t!
Missing character: There is no š in font ptmr7t!
Missing character: There is no Ã in font ptmr7t!
Missing character: There is no „ in font ptmr7t!
Missing character: There is no Ã in font ptmr7t!
Missing character: There is no ´ in font ptmr7t!
[1{/usr/share/texmf/fonts/map/pdftex/updmap/pdftex.map}


]
Missing character: There is no â in font ptmr7t!
Missing character: There is no € in font ptmr7t!
Missing character: There is no ™ in font ptmr7t!

<highleveldiagram.jpg, id=9, 752.8125pt x 501.875pt>
File: highleveldiagram.jpg Graphic file (type jpg)

<use highleveldiagram.jpg>
Missing character: There is no â in font ptmr7t!
Missing character: There is no € in font ptmr7t!
Missing character: There is no ˜ in font ptmr7t!
Missing character: There is no â in font ptmr7t!
Missing character: There is no € in font ptmr7t!
Missing character: There is no ™ in font ptmr7t!

Underfull \hbox (badness 10000) in paragraph at lines 666--667
[]\OT1/ptm/m/n/8 http://www.gsd.inesc-id.pt/ mpc/pubs/khanna-monitor-tdsc.pdf p
ages
 []


** Conference Paper **
Before submitting the final camera ready copy, remember to:

 1. Manually equalize the lengths of two columns on the last page
 of your paper;

 2. Ensure that any PostScript and/or PDF output post-processing
 uses only Type 1 fonts and that every step in the generation
 process uses the appropriate paper size.

[2 <./highleveldiagram.jpg>] (./report.aux)

LaTeX Warning: There were undefined references.

 ) 
Here is how much of TeX's memory you used:
 1291 strings out of 256216
 20612 string characters out of 1917072
 74409 words of memory out of 1500000
 4617 multiletter control sequences out of 10000+200000
 35250 words of font info for 64 fonts, out of 1200000 for 2000
 648 hyphenation exceptions out of 8191
 26i,8n,21p,1210b,293s stack positions out of 5000i,500n,6000p,200000b,15000s
{/usr/share/texmf/fonts/enc/dvips/base/8r.enc}</usr/share/texmf/fonts/type1/b
luesky/cm/cmsy10.pfb></usr/share/texmf/fonts/type1/urw/times/utmb8a.pfb></usr/s
hare/texmf/fonts/type1/urw/times/utmbi8a.pfb></usr/share/texmf/fonts/type1/urw/
times/utmr8a.pfb></usr/share/texmf/fonts/type1/urw/times/utmri8a.pfb>
Output written on report.pdf (2 pages, 92997 bytes).
PDF statistics:
 31 PDF objects out of 1000 (max. 8388607)
 0 named destinations out of 1000 (max. 131072)
 6 words of extra memory for PDF output out of 10000 (max. 10000000)

